2021-11-05 21:31:28,232 - Log4JLogChute initialized using file 'target\velocity.log'
2021-11-05 21:31:28,233 - Initializing Velocity, Calling init()...
2021-11-05 21:31:28,233 - Starting Apache Velocity v1.7 (compiled: 2010-11-19 12:14:37)
2021-11-05 21:31:28,233 - Default Properties File: org\apache\velocity\runtime\defaults\velocity.properties
2021-11-05 21:31:28,233 - Trying to use logger class org.apache.velocity.runtime.log.AvalonLogChute
2021-11-05 21:31:28,233 - Target log system for org.apache.velocity.runtime.log.AvalonLogChute is not available (java.lang.NoClassDefFoundError: org/apache/log/format/Formatter).  Falling back to next log system...
2021-11-05 21:31:28,233 - Trying to use logger class org.apache.velocity.runtime.log.Log4JLogChute
2021-11-05 21:31:28,234 - Using logger class org.apache.velocity.runtime.log.Log4JLogChute
2021-11-05 21:31:28,236 - ResourceLoader instantiated: org.apache.velocity.runtime.resource.loader.ClasspathResourceLoader
2021-11-05 21:31:28,248 - ResourceCache: initialized (class org.apache.velocity.runtime.resource.ResourceCacheImpl) with class java.util.Collections$SynchronizedMap cache map.
2021-11-05 21:31:28,249 - Loaded System Directive: org.apache.velocity.runtime.directive.Stop
2021-11-05 21:31:28,250 - Loaded System Directive: org.apache.velocity.runtime.directive.Define
2021-11-05 21:31:28,251 - Loaded System Directive: org.apache.velocity.runtime.directive.Break
2021-11-05 21:31:28,251 - Loaded System Directive: org.apache.velocity.runtime.directive.Evaluate
2021-11-05 21:31:28,252 - Loaded System Directive: org.apache.velocity.runtime.directive.Literal
2021-11-05 21:31:28,252 - Loaded System Directive: org.apache.velocity.runtime.directive.Macro
2021-11-05 21:31:28,253 - Loaded System Directive: org.apache.velocity.runtime.directive.Parse
2021-11-05 21:31:28,254 - Loaded System Directive: org.apache.velocity.runtime.directive.Include
2021-11-05 21:31:28,255 - Loaded System Directive: org.apache.velocity.runtime.directive.Foreach
2021-11-05 21:31:28,284 - Created '20' parsers.
2021-11-05 21:31:28,289 - Velocimacro : "velocimacro.library" is not set.  Trying default library: VM_global_library.vm
2021-11-05 21:31:28,289 - Could not load resource 'VM_global_library.vm' from ResourceLoader org.apache.velocity.runtime.resource.loader.ClasspathResourceLoader: ClasspathResourceLoader Error: cannot find resource VM_global_library.vm
2021-11-05 21:31:28,289 - Velocimacro : Default library not found.
2021-11-05 21:31:28,289 - Velocimacro : allowInline = true : VMs can be defined inline in templates
2021-11-05 21:31:28,290 - Velocimacro : allowInlineToOverride = false : VMs defined inline may NOT replace previous VM definitions
2021-11-05 21:31:28,290 - Velocimacro : allowInlineLocal = false : VMs defined inline will be global in scope if allowed.
2021-11-05 21:31:28,290 - Velocimacro : autoload off : VM system will not automatically reload global library macros
2021-11-05 21:31:28,364 - ResourceManager : found templates/generators/errorpage.vm with loader org.apache.velocity.runtime.resource.loader.ClasspathResourceLoader
2021-11-05 21:31:28,367 - ResourceManager : found /templates/headers.vm with loader org.apache.velocity.runtime.resource.loader.ClasspathResourceLoader
2021-11-05 21:31:28,368 - ResourceManager : found /templates/head.vm with loader org.apache.velocity.runtime.resource.loader.ClasspathResourceLoader
2021-11-05 21:31:28,370 - Velocimacro : added VM stringArray: source=/templates/macros/array.js.vm
2021-11-05 21:31:28,371 - Velocimacro : added VM numberArray: source=/templates/macros/array.js.vm
2021-11-05 21:31:28,371 - ResourceManager : found /templates/macros/array.js.vm with loader org.apache.velocity.runtime.resource.loader.ClasspathResourceLoader
2021-11-05 21:31:28,373 - Velocimacro : added VM includeBuildInfo: source=/templates/macros/page/buildinfo.vm
2021-11-05 21:31:28,373 - ResourceManager : found /templates/macros/page/buildinfo.vm with loader org.apache.velocity.runtime.resource.loader.ClasspathResourceLoader
2021-11-05 21:31:28,378 - Velocimacro : added VM includeClassifications: source=/templates/macros/page/classifications.vm
2021-11-05 21:31:28,378 - ResourceManager : found /templates/macros/page/classifications.vm with loader org.apache.velocity.runtime.resource.loader.ClasspathResourceLoader
2021-11-05 21:31:28,380 - Velocimacro : added VM includeLead: source=/templates/macros/page/lead.vm
2021-11-05 21:31:28,380 - ResourceManager : found /templates/macros/page/lead.vm with loader org.apache.velocity.runtime.resource.loader.ClasspathResourceLoader
2021-11-05 21:31:28,383 - Velocimacro : added VM includeNavigation: source=/templates/macros/page/navigation.vm
2021-11-05 21:31:28,383 - ResourceManager : found /templates/macros/page/navigation.vm with loader org.apache.velocity.runtime.resource.loader.ClasspathResourceLoader
2021-11-05 21:31:28,386 - Velocimacro : added VM includeReportInfo: source=/templates/macros/page/reportInfo.vm
2021-11-05 21:31:28,386 - ResourceManager : found /templates/macros/page/reportInfo.vm with loader org.apache.velocity.runtime.resource.loader.ClasspathResourceLoader
2021-11-05 21:31:28,387 - Velocimacro : added VM includeTitle: source=/templates/macros/page/title.vm
2021-11-05 21:31:28,387 - ResourceManager : found /templates/macros/page/title.vm with loader org.apache.velocity.runtime.resource.loader.ClasspathResourceLoader
2021-11-05 21:31:28,389 - Velocimacro : added VM includeExpandingButtons: source=/templates/macros/report/expandAllButtons.vm
2021-11-05 21:31:28,389 - ResourceManager : found /templates/macros/report/expandAllButtons.vm with loader org.apache.velocity.runtime.resource.loader.ClasspathResourceLoader
2021-11-05 21:31:28,392 - Velocimacro : added VM includeReportTable: source=/templates/macros/report/reportTable.vm
2021-11-05 21:31:28,392 - ResourceManager : found /templates/macros/report/reportTable.vm with loader org.apache.velocity.runtime.resource.loader.ClasspathResourceLoader
2021-11-05 21:31:28,393 - Velocimacro : added VM includeReportHeader: source=/templates/macros/report/reportHeader.vm
2021-11-05 21:31:28,393 - ResourceManager : found /templates/macros/report/reportHeader.vm with loader org.apache.velocity.runtime.resource.loader.ClasspathResourceLoader
2021-11-05 21:31:28,397 - Velocimacro : added VM includeStatsTable: source=/templates/macros/report/statsTable.vm
2021-11-05 21:31:28,397 - ResourceManager : found /templates/macros/report/statsTable.vm with loader org.apache.velocity.runtime.resource.loader.ClasspathResourceLoader
2021-11-05 21:31:28,398 - Velocimacro : added VM includeBrief: source=/templates/macros/json/brief.vm
2021-11-05 21:31:28,398 - ResourceManager : found /templates/macros/json/brief.vm with loader org.apache.velocity.runtime.resource.loader.ClasspathResourceLoader
2021-11-05 21:31:28,399 - Velocimacro : added VM includeDocString: source=/templates/macros/json/docstring.vm
2021-11-05 21:31:28,399 - ResourceManager : found /templates/macros/json/docstring.vm with loader org.apache.velocity.runtime.resource.loader.ClasspathResourceLoader
2021-11-05 21:31:28,400 - Velocimacro : added VM includeDuration: source=/templates/macros/json/duration.vm
2021-11-05 21:31:28,400 - ResourceManager : found /templates/macros/json/duration.vm with loader org.apache.velocity.runtime.resource.loader.ClasspathResourceLoader
2021-11-05 21:31:28,403 - Velocimacro : added VM includeElement: source=/templates/macros/json/element.vm
2021-11-05 21:31:28,403 - ResourceManager : found /templates/macros/json/element.vm with loader org.apache.velocity.runtime.resource.loader.ClasspathResourceLoader
2021-11-05 21:31:28,410 - Velocimacro : added VM includeEmbeddings: source=/templates/macros/json/embeddings.vm
2021-11-05 21:31:28,411 - Velocimacro : added VM includeHtmlEmbedding: source=/templates/macros/json/embeddings.vm
2021-11-05 21:31:28,411 - Velocimacro : added VM includeVideoEmbedding: source=/templates/macros/json/embeddings.vm
2021-11-05 21:31:28,411 - Velocimacro : added VM includeImageEmbedding: source=/templates/macros/json/embeddings.vm
2021-11-05 21:31:28,411 - Velocimacro : added VM includeImageReferenceEmbedding: source=/templates/macros/json/embeddings.vm
2021-11-05 21:31:28,411 - Velocimacro : added VM includeTextEmbedding: source=/templates/macros/json/embeddings.vm
2021-11-05 21:31:28,411 - Velocimacro : added VM includeUnknownEmbedding: source=/templates/macros/json/embeddings.vm
2021-11-05 21:31:28,411 - ResourceManager : found /templates/macros/json/embeddings.vm with loader org.apache.velocity.runtime.resource.loader.ClasspathResourceLoader
2021-11-05 21:31:28,413 - Velocimacro : added VM includeHooks: source=/templates/macros/json/hooks.vm
2021-11-05 21:31:28,413 - ResourceManager : found /templates/macros/json/hooks.vm with loader org.apache.velocity.runtime.resource.loader.ClasspathResourceLoader
2021-11-05 21:31:28,415 - Velocimacro : added VM includeOutput: source=/templates/macros/json/output.vm
2021-11-05 21:31:28,415 - ResourceManager : found /templates/macros/json/output.vm with loader org.apache.velocity.runtime.resource.loader.ClasspathResourceLoader
2021-11-05 21:31:28,416 - Velocimacro : added VM includeMessage: source=/templates/macros/json/message.vm
2021-11-05 21:31:28,416 - ResourceManager : found /templates/macros/json/message.vm with loader org.apache.velocity.runtime.resource.loader.ClasspathResourceLoader
2021-11-05 21:31:28,417 - Velocimacro : added VM includeSteps: source=/templates/macros/json/steps.vm
2021-11-05 21:31:28,417 - ResourceManager : found /templates/macros/json/steps.vm with loader org.apache.velocity.runtime.resource.loader.ClasspathResourceLoader
2021-11-05 21:31:28,418 - Velocimacro : added VM includeStepName: source=/templates/macros/json/stepName.vm
2021-11-05 21:31:28,418 - ResourceManager : found /templates/macros/json/stepName.vm with loader org.apache.velocity.runtime.resource.loader.ClasspathResourceLoader
2021-11-05 21:31:28,419 - Velocimacro : added VM includeTags: source=/templates/macros/json/tags.vm
2021-11-05 21:31:28,419 - ResourceManager : found /templates/macros/json/tags.vm with loader org.apache.velocity.runtime.resource.loader.ClasspathResourceLoader
2021-11-05 21:31:28,425 - VM #includeNavigation: too few arguments to macro. Wanted 1 got 0
2021-11-05 21:31:28,426 - Left side ($active_tab) of '==' operation has null value. If it is a reference, it may not be in the context or its toString() returned null. /templates/macros/page/navigation.vm[line 14, column 51]
2021-11-05 21:31:28,426 - Left side ($active_tab) of '==' operation has null value. If it is a reference, it may not be in the context or its toString() returned null. /templates/macros/page/navigation.vm[line 15, column 51]
2021-11-05 21:31:28,426 - Left side ($active_tab) of '==' operation has null value. If it is a reference, it may not be in the context or its toString() returned null. /templates/macros/page/navigation.vm[line 16, column 51]
2021-11-05 21:31:28,426 - Left side ($active_tab) of '==' operation has null value. If it is a reference, it may not be in the context or its toString() returned null. /templates/macros/page/navigation.vm[line 20, column 51]
2021-11-05 21:31:28,439 - ResourceManager : found /templates/footer.vm with loader org.apache.velocity.runtime.resource.loader.ClasspathResourceLoader
2021-11-30 00:21:42,091 - Log4JLogChute initialized using file 'target\velocity.log'
2021-11-30 00:21:42,093 - Initializing Velocity, Calling init()...
2021-11-30 00:21:42,093 - Starting Apache Velocity v1.7 (compiled: 2010-11-19 12:14:37)
2021-11-30 00:21:42,093 - Default Properties File: org\apache\velocity\runtime\defaults\velocity.properties
2021-11-30 00:21:42,093 - Trying to use logger class org.apache.velocity.runtime.log.AvalonLogChute
2021-11-30 00:21:42,093 - Target log system for org.apache.velocity.runtime.log.AvalonLogChute is not available (java.lang.NoClassDefFoundError: org/apache/log/format/Formatter).  Falling back to next log system...
2021-11-30 00:21:42,093 - Trying to use logger class org.apache.velocity.runtime.log.Log4JLogChute
2021-11-30 00:21:42,093 - Using logger class org.apache.velocity.runtime.log.Log4JLogChute
2021-11-30 00:21:42,096 - ResourceLoader instantiated: org.apache.velocity.runtime.resource.loader.ClasspathResourceLoader
2021-11-30 00:21:42,106 - ResourceCache: initialized (class org.apache.velocity.runtime.resource.ResourceCacheImpl) with class java.util.Collections$SynchronizedMap cache map.
2021-11-30 00:21:42,107 - Loaded System Directive: org.apache.velocity.runtime.directive.Stop
2021-11-30 00:21:42,108 - Loaded System Directive: org.apache.velocity.runtime.directive.Define
2021-11-30 00:21:42,109 - Loaded System Directive: org.apache.velocity.runtime.directive.Break
2021-11-30 00:21:42,110 - Loaded System Directive: org.apache.velocity.runtime.directive.Evaluate
2021-11-30 00:21:42,110 - Loaded System Directive: org.apache.velocity.runtime.directive.Literal
2021-11-30 00:21:42,111 - Loaded System Directive: org.apache.velocity.runtime.directive.Macro
2021-11-30 00:21:42,112 - Loaded System Directive: org.apache.velocity.runtime.directive.Parse
2021-11-30 00:21:42,113 - Loaded System Directive: org.apache.velocity.runtime.directive.Include
2021-11-30 00:21:42,114 - Loaded System Directive: org.apache.velocity.runtime.directive.Foreach
2021-11-30 00:21:42,135 - Created '20' parsers.
2021-11-30 00:21:42,138 - Velocimacro : "velocimacro.library" is not set.  Trying default library: VM_global_library.vm
2021-11-30 00:21:42,139 - Could not load resource 'VM_global_library.vm' from ResourceLoader org.apache.velocity.runtime.resource.loader.ClasspathResourceLoader: ClasspathResourceLoader Error: cannot find resource VM_global_library.vm
2021-11-30 00:21:42,139 - Velocimacro : Default library not found.
2021-11-30 00:21:42,139 - Velocimacro : allowInline = true : VMs can be defined inline in templates
2021-11-30 00:21:42,139 - Velocimacro : allowInlineToOverride = false : VMs defined inline may NOT replace previous VM definitions
2021-11-30 00:21:42,139 - Velocimacro : allowInlineLocal = false : VMs defined inline will be global in scope if allowed.
2021-11-30 00:21:42,139 - Velocimacro : autoload off : VM system will not automatically reload global library macros
2021-11-30 00:21:42,217 - ResourceManager : found templates/generators/errorpage.vm with loader org.apache.velocity.runtime.resource.loader.ClasspathResourceLoader
2021-11-30 00:21:42,221 - ResourceManager : found /templates/headers.vm with loader org.apache.velocity.runtime.resource.loader.ClasspathResourceLoader
2021-11-30 00:21:42,222 - ResourceManager : found /templates/head.vm with loader org.apache.velocity.runtime.resource.loader.ClasspathResourceLoader
2021-11-30 00:21:42,224 - Velocimacro : added VM stringArray: source=/templates/macros/array.js.vm
2021-11-30 00:21:42,225 - Velocimacro : added VM numberArray: source=/templates/macros/array.js.vm
2021-11-30 00:21:42,225 - ResourceManager : found /templates/macros/array.js.vm with loader org.apache.velocity.runtime.resource.loader.ClasspathResourceLoader
2021-11-30 00:21:42,227 - Velocimacro : added VM includeBuildInfo: source=/templates/macros/page/buildinfo.vm
2021-11-30 00:21:42,227 - ResourceManager : found /templates/macros/page/buildinfo.vm with loader org.apache.velocity.runtime.resource.loader.ClasspathResourceLoader
2021-11-30 00:21:42,233 - Velocimacro : added VM includeClassifications: source=/templates/macros/page/classifications.vm
2021-11-30 00:21:42,233 - ResourceManager : found /templates/macros/page/classifications.vm with loader org.apache.velocity.runtime.resource.loader.ClasspathResourceLoader
2021-11-30 00:21:42,234 - Velocimacro : added VM includeLead: source=/templates/macros/page/lead.vm
2021-11-30 00:21:42,234 - ResourceManager : found /templates/macros/page/lead.vm with loader org.apache.velocity.runtime.resource.loader.ClasspathResourceLoader
2021-11-30 00:21:42,237 - Velocimacro : added VM includeNavigation: source=/templates/macros/page/navigation.vm
2021-11-30 00:21:42,237 - ResourceManager : found /templates/macros/page/navigation.vm with loader org.apache.velocity.runtime.resource.loader.ClasspathResourceLoader
2021-11-30 00:21:42,241 - Velocimacro : added VM includeReportInfo: source=/templates/macros/page/reportInfo.vm
2021-11-30 00:21:42,241 - ResourceManager : found /templates/macros/page/reportInfo.vm with loader org.apache.velocity.runtime.resource.loader.ClasspathResourceLoader
2021-11-30 00:21:42,242 - Velocimacro : added VM includeTitle: source=/templates/macros/page/title.vm
2021-11-30 00:21:42,242 - ResourceManager : found /templates/macros/page/title.vm with loader org.apache.velocity.runtime.resource.loader.ClasspathResourceLoader
2021-11-30 00:21:42,243 - Velocimacro : added VM includeExpandingButtons: source=/templates/macros/report/expandAllButtons.vm
2021-11-30 00:21:42,243 - ResourceManager : found /templates/macros/report/expandAllButtons.vm with loader org.apache.velocity.runtime.resource.loader.ClasspathResourceLoader
2021-11-30 00:21:42,246 - Velocimacro : added VM includeReportTable: source=/templates/macros/report/reportTable.vm
2021-11-30 00:21:42,246 - ResourceManager : found /templates/macros/report/reportTable.vm with loader org.apache.velocity.runtime.resource.loader.ClasspathResourceLoader
2021-11-30 00:21:42,249 - Velocimacro : added VM includeReportHeader: source=/templates/macros/report/reportHeader.vm
2021-11-30 00:21:42,249 - ResourceManager : found /templates/macros/report/reportHeader.vm with loader org.apache.velocity.runtime.resource.loader.ClasspathResourceLoader
2021-11-30 00:21:42,254 - Velocimacro : added VM includeStatsTable: source=/templates/macros/report/statsTable.vm
2021-11-30 00:21:42,254 - ResourceManager : found /templates/macros/report/statsTable.vm with loader org.apache.velocity.runtime.resource.loader.ClasspathResourceLoader
2021-11-30 00:21:42,255 - Velocimacro : added VM includeBrief: source=/templates/macros/json/brief.vm
2021-11-30 00:21:42,255 - ResourceManager : found /templates/macros/json/brief.vm with loader org.apache.velocity.runtime.resource.loader.ClasspathResourceLoader
2021-11-30 00:21:42,256 - Velocimacro : added VM includeDocString: source=/templates/macros/json/docstring.vm
2021-11-30 00:21:42,256 - ResourceManager : found /templates/macros/json/docstring.vm with loader org.apache.velocity.runtime.resource.loader.ClasspathResourceLoader
2021-11-30 00:21:42,258 - Velocimacro : added VM includeDuration: source=/templates/macros/json/duration.vm
2021-11-30 00:21:42,258 - ResourceManager : found /templates/macros/json/duration.vm with loader org.apache.velocity.runtime.resource.loader.ClasspathResourceLoader
2021-11-30 00:21:42,262 - Velocimacro : added VM includeElement: source=/templates/macros/json/element.vm
2021-11-30 00:21:42,262 - ResourceManager : found /templates/macros/json/element.vm with loader org.apache.velocity.runtime.resource.loader.ClasspathResourceLoader
2021-11-30 00:21:42,278 - Velocimacro : added VM includeEmbeddings: source=/templates/macros/json/embeddings.vm
2021-11-30 00:21:42,278 - Velocimacro : added VM includeHtmlEmbedding: source=/templates/macros/json/embeddings.vm
2021-11-30 00:21:42,278 - Velocimacro : added VM includeVideoEmbedding: source=/templates/macros/json/embeddings.vm
2021-11-30 00:21:42,279 - Velocimacro : added VM includeImageEmbedding: source=/templates/macros/json/embeddings.vm
2021-11-30 00:21:42,279 - Velocimacro : added VM includeImageReferenceEmbedding: source=/templates/macros/json/embeddings.vm
2021-11-30 00:21:42,279 - Velocimacro : added VM includeTextEmbedding: source=/templates/macros/json/embeddings.vm
2021-11-30 00:21:42,279 - Velocimacro : added VM includeUnknownEmbedding: source=/templates/macros/json/embeddings.vm
2021-11-30 00:21:42,279 - ResourceManager : found /templates/macros/json/embeddings.vm with loader org.apache.velocity.runtime.resource.loader.ClasspathResourceLoader
2021-11-30 00:21:42,283 - Velocimacro : added VM includeHooks: source=/templates/macros/json/hooks.vm
2021-11-30 00:21:42,283 - ResourceManager : found /templates/macros/json/hooks.vm with loader org.apache.velocity.runtime.resource.loader.ClasspathResourceLoader
2021-11-30 00:21:42,286 - Velocimacro : added VM includeOutput: source=/templates/macros/json/output.vm
2021-11-30 00:21:42,287 - ResourceManager : found /templates/macros/json/output.vm with loader org.apache.velocity.runtime.resource.loader.ClasspathResourceLoader
2021-11-30 00:21:42,289 - Velocimacro : added VM includeMessage: source=/templates/macros/json/message.vm
2021-11-30 00:21:42,289 - ResourceManager : found /templates/macros/json/message.vm with loader org.apache.velocity.runtime.resource.loader.ClasspathResourceLoader
2021-11-30 00:21:42,290 - Velocimacro : added VM includeSteps: source=/templates/macros/json/steps.vm
2021-11-30 00:21:42,290 - ResourceManager : found /templates/macros/json/steps.vm with loader org.apache.velocity.runtime.resource.loader.ClasspathResourceLoader
2021-11-30 00:21:42,291 - Velocimacro : added VM includeStepName: source=/templates/macros/json/stepName.vm
2021-11-30 00:21:42,292 - ResourceManager : found /templates/macros/json/stepName.vm with loader org.apache.velocity.runtime.resource.loader.ClasspathResourceLoader
2021-11-30 00:21:42,292 - Velocimacro : added VM includeTags: source=/templates/macros/json/tags.vm
2021-11-30 00:21:42,293 - ResourceManager : found /templates/macros/json/tags.vm with loader org.apache.velocity.runtime.resource.loader.ClasspathResourceLoader
2021-11-30 00:21:42,300 - VM #includeNavigation: too few arguments to macro. Wanted 1 got 0
2021-11-30 00:21:42,302 - Left side ($active_tab) of '==' operation has null value. If it is a reference, it may not be in the context or its toString() returned null. /templates/macros/page/navigation.vm[line 14, column 51]
2021-11-30 00:21:42,302 - Left side ($active_tab) of '==' operation has null value. If it is a reference, it may not be in the context or its toString() returned null. /templates/macros/page/navigation.vm[line 15, column 51]
2021-11-30 00:21:42,302 - Left side ($active_tab) of '==' operation has null value. If it is a reference, it may not be in the context or its toString() returned null. /templates/macros/page/navigation.vm[line 16, column 51]
2021-11-30 00:21:42,302 - Left side ($active_tab) of '==' operation has null value. If it is a reference, it may not be in the context or its toString() returned null. /templates/macros/page/navigation.vm[line 20, column 51]
2021-11-30 00:21:42,324 - ResourceManager : found /templates/footer.vm with loader org.apache.velocity.runtime.resource.loader.ClasspathResourceLoader
